10:23:01.876 INFO  c.a.andriod.app.test.TestAndroidApp - Verifying &Frankly on Android
10:23:12.644 INFO  c.a.andriod.app.test.TestAndroidApp - Verify Login
10:23:13.016 INFO  c.a.andriod.app.test.TestAndroidApp - Enter email: demo@andfrankly.com
10:23:19.747 INFO  c.a.andriod.app.test.TestAndroidApp - Click next button
10:23:22.178 INFO  c.a.andriod.app.test.TestAndroidApp - Enter password :demoaccount
10:23:27.577 INFO  c.a.andriod.app.test.TestAndroidApp - Click password next button
10:23:29.829 INFO  c.a.andriod.app.test.TestAndroidApp - Assert welcome message: Your company is giving you the opportunity to make your voice heard!
10:23:29.858 INFO  c.a.andriod.app.test.TestAndroidApp - Swipe 1 onboarding
10:23:30.723 INFO  c.a.andriod.app.test.TestAndroidApp - Verify page title: &frankly is developed to help you and your colleagues create an even better workplace.
10:23:30.746 INFO  c.a.andriod.app.test.TestAndroidApp - Swipe 2 onboarding
10:23:31.601 INFO  c.a.andriod.app.test.TestAndroidApp - Verify page title: You will get pulsed questions
10:23:31.619 INFO  c.a.andriod.app.test.TestAndroidApp - Swipe 3 onboarding
10:23:32.484 INFO  c.a.andriod.app.test.TestAndroidApp - Verify page title: You will always be anonymous.
10:23:32.535 INFO  c.a.andriod.app.test.TestAndroidApp - Click i-understand button
10:23:33.296 INFO  c.a.andriod.app.test.TestAndroidApp - Click start button
10:23:35.014 INFO  c.a.andriod.app.test.TestAndroidApp - Click questions button
10:23:35.929 INFO  c.a.andriod.app.test.TestAndroidApp - Click intro questions image
10:23:50.637 INFO  c.a.andriod.app.test.TestAndroidApp - Verify company logo displays.
10:23:50.753 INFO  c.a.andriod.app.test.TestAndroidApp - Answer first question: (I like my work at this very point in time)
10:23:50.821 INFO  c.a.andriod.app.test.TestAndroidApp - Click first question image
10:23:54.556 INFO  c.a.andriod.app.test.TestAndroidApp - Swipe to max upwards
10:23:55.811 INFO  c.a.andriod.app.test.TestAndroidApp - Smilye y: 471, Line y: 471
10:23:55.813 INFO  c.a.andriod.app.test.TestAndroidApp - Add comment to first question and skip (If you had the chance today, would you re-apply for your current job?)
10:23:55.846 INFO  c.a.andriod.app.test.TestAndroidApp - Click next question button
10:23:59.221 INFO  c.a.andriod.app.test.TestAndroidApp - Click comment button
10:24:00.597 INFO  c.a.andriod.app.test.TestAndroidApp - Enter comment: "I think I would re-apply"
10:24:13.913 INFO  c.a.andriod.app.test.TestAndroidApp - Click skip question button
10:24:14.789 INFO  c.a.andriod.app.test.TestAndroidApp - Click skip question dialog
10:24:16.403 INFO  c.a.andriod.app.test.TestAndroidApp - Verify page is 3rd question and message: Describe your current stress levels
10:24:16.423 INFO  c.a.andriod.app.test.TestAndroidApp - Close the &frankly app
