11:52:53.958 INFO  c.a.a.a.t.TestAndroidAppWithPageObject - Verifying &Frankly on Android
11:53:06.550 INFO  c.a.a.a.t.TestAndroidAppWithPageObject - Verify Login
11:53:06.551 INFO  c.a.android.app.pages.Login - Enter email: demo@andfrankly.com
11:53:14.437 INFO  c.a.android.app.pages.Login - Click next button
11:53:15.227 INFO  c.a.android.app.pages.Login - Enter password :demoaccount
11:53:22.813 INFO  c.a.android.app.pages.Login - Click password next button
11:53:23.673 INFO  c.a.android.app.pages.Login - Get welcome message
11:53:26.308 INFO  c.a.android.app.pages.OnBoarding - Swipe onboarding
11:53:27.204 INFO  c.a.android.app.pages.OnBoarding - Swipe onboarding
11:53:28.097 INFO  c.a.android.app.pages.OnBoarding - Swipe onboarding
11:53:48.562 INFO  c.a.a.a.t.TestAndroidAppWithPageObject - Answer first question: (I like my work at this very point in time)
11:53:48.562 INFO  c.a.android.app.pages.OnBoarding - Click first question image
11:53:52.380 INFO  c.a.android.app.pages.OnBoarding - Swipe to max upwards
11:53:53.683 INFO  c.a.a.a.t.TestAndroidAppWithPageObject - Smilye y: 471, Line y: 471
11:53:53.684 INFO  c.a.a.a.t.TestAndroidAppWithPageObject - Add comment to second question and skip (If you had the chance today, would you re-apply for your current job?)
11:53:53.684 INFO  c.a.android.app.pages.OnBoarding - Click next question button
11:53:56.726 INFO  c.a.android.app.pages.OnBoarding - Click comment button
11:53:57.156 INFO  c.a.android.app.pages.OnBoarding - Enter comment: "I think I would re-apply"
11:54:15.673 INFO  c.a.android.app.pages.OnBoarding - Click skip question button
11:54:16.145 INFO  c.a.android.app.pages.OnBoarding - Click skip question dialog
11:54:16.898 INFO  c.a.android.app.pages.OnBoarding - Verify page is 3rd question and message
11:54:18.284 INFO  c.a.a.a.t.TestAndroidAppWithPageObject - Close the &frankly app
